<?xml version="1.0" encoding="UTF-8"?>
<coverage generated="1575933588040" clover="3.2.0">
  <project timestamp="1575933588040" name="All files">
    <metrics statements="28" coveredstatements="25" conditionals="22" coveredconditionals="17" methods="4" coveredmethods="4" elements="54" coveredelements="46" complexity="0" loc="28" ncloc="28" packages="2" files="3" classes="3"/>
    <package name="lib">
      <metrics statements="18" coveredstatements="15" conditionals="20" coveredconditionals="15" methods="2" coveredmethods="2"/>
      <file name="app.js" path="/Users/josephtatum/alchemy/career-track/labs/lab-06/lib/app.js">
        <metrics statements="18" coveredstatements="15" conditionals="20" coveredconditionals="15" methods="2" coveredmethods="2"/>
        <line num="1" count="1" type="stmt"/>
        <line num="2" count="1" type="stmt"/>
        <line num="3" count="1" type="stmt"/>
        <line num="5" count="1" type="stmt"/>
        <line num="6" count="4" type="stmt"/>
        <line num="7" count="4" type="stmt"/>
        <line num="9" count="4" type="cond" truecount="4" falsecount="0"/>
        <line num="10" count="1" type="stmt"/>
        <line num="12" count="3" type="cond" truecount="4" falsecount="0"/>
        <line num="13" count="1" type="stmt"/>
        <line num="15" count="2" type="cond" truecount="4" falsecount="0"/>
        <line num="16" count="1" type="stmt"/>
        <line num="18" count="1" type="cond" truecount="3" falsecount="1"/>
        <line num="19" count="1" type="stmt"/>
        <line num="21" count="0" type="cond" truecount="0" falsecount="4"/>
        <line num="22" count="0" type="stmt"/>
        <line num="25" count="0" type="stmt"/>
        <line num="30" count="1" type="stmt"/>
      </file>
    </package>
    <package name="lib.utils">
      <metrics statements="10" coveredstatements="10" conditionals="2" coveredconditionals="2" methods="2" coveredmethods="2"/>
      <file name="createResponse.js" path="/Users/josephtatum/alchemy/career-track/labs/lab-06/lib/utils/createResponse.js">
        <metrics statements="3" coveredstatements="3" conditionals="0" coveredconditionals="0" methods="1" coveredmethods="1"/>
        <line num="1" count="2" type="stmt"/>
        <line num="2" count="5" type="stmt"/>
        <line num="5" count="2" type="stmt"/>
      </file>
      <file name="parseRequest.js" path="/Users/josephtatum/alchemy/career-track/labs/lab-06/lib/utils/parseRequest.js">
        <metrics statements="7" coveredstatements="7" conditionals="2" coveredconditionals="2" methods="1" coveredmethods="1"/>
        <line num="1" count="2" type="stmt"/>
        <line num="2" count="6" type="stmt"/>
        <line num="3" count="6" type="stmt"/>
        <line num="5" count="6" type="cond" truecount="2" falsecount="0"/>
        <line num="6" count="1" type="stmt"/>
        <line num="12" count="5" type="stmt"/>
        <line num="19" count="2" type="stmt"/>
      </file>
    </package>
  </project>
</coverage>
