{"/Users/josephtatum/alchemy/career-track/labs/lab-06/lib/app.js": {"path":"/Users/josephtatum/alchemy/career-track/labs/lab-06/lib/app.js","statementMap":{"0":{"start":{"line":1,"column":12},"end":{"line":1,"column":26}},"1":{"start":{"line":2,"column":21},"end":{"line":2,"column":52}},"2":{"start":{"line":3,"column":23},"end":{"line":3,"column":56}},"3":{"start":{"line":5,"column":12},"end":{"line":28,"column":2}},"4":{"start":{"line":6,"column":2},"end":{"line":27,"column":5}},"5":{"start":{"line":7,"column":20},"end":{"line":7,"column":49}},"6":{"start":{"line":9,"column":4},"end":{"line":26,"column":5}},"7":{"start":{"line":10,"column":6},"end":{"line":10,"column":93}},"8":{"start":{"line":12,"column":11},"end":{"line":26,"column":5}},"9":{"start":{"line":13,"column":6},"end":{"line":13,"column":103}},"10":{"start":{"line":15,"column":11},"end":{"line":26,"column":5}},"11":{"start":{"line":16,"column":6},"end":{"line":16,"column":104}},"12":{"start":{"line":18,"column":11},"end":{"line":26,"column":5}},"13":{"start":{"line":19,"column":6},"end":{"line":19,"column":105}},"14":{"start":{"line":21,"column":11},"end":{"line":26,"column":5}},"15":{"start":{"line":22,"column":6},"end":{"line":22,"column":101}},"16":{"start":{"line":25,"column":6},"end":{"line":25,"column":108}},"17":{"start":{"line":30,"column":0},"end":{"line":30,"column":21}}},"fnMap":{"0":{"name":"(anonymous_0)","decl":{"start":{"line":5,"column":29},"end":{"line":5,"column":30}},"loc":{"start":{"line":5,"column":39},"end":{"line":28,"column":1}},"line":5},"1":{"name":"(anonymous_1)","decl":{"start":{"line":6,"column":20},"end":{"line":6,"column":21}},"loc":{"start":{"line":6,"column":28},"end":{"line":27,"column":3}},"line":6}},"branchMap":{"0":{"loc":{"start":{"line":9,"column":4},"end":{"line":26,"column":5}},"type":"if","locations":[{"start":{"line":9,"column":4},"end":{"line":26,"column":5}},{"start":{"line":9,"column":4},"end":{"line":26,"column":5}}],"line":9},"1":{"loc":{"start":{"line":9,"column":7},"end":{"line":9,"column":55}},"type":"binary-expr","locations":[{"start":{"line":9,"column":7},"end":{"line":9,"column":31}},{"start":{"line":9,"column":35},"end":{"line":9,"column":55}}],"line":9},"2":{"loc":{"start":{"line":12,"column":11},"end":{"line":26,"column":5}},"type":"if","locations":[{"start":{"line":12,"column":11},"end":{"line":26,"column":5}},{"start":{"line":12,"column":11},"end":{"line":26,"column":5}}],"line":12},"3":{"loc":{"start":{"line":12,"column":14},"end":{"line":12,"column":65}},"type":"binary-expr","locations":[{"start":{"line":12,"column":14},"end":{"line":12,"column":38}},{"start":{"line":12,"column":42},"end":{"line":12,"column":65}}],"line":12},"4":{"loc":{"start":{"line":15,"column":11},"end":{"line":26,"column":5}},"type":"if","locations":[{"start":{"line":15,"column":11},"end":{"line":26,"column":5}},{"start":{"line":15,"column":11},"end":{"line":26,"column":5}}],"line":15},"5":{"loc":{"start":{"line":15,"column":14},"end":{"line":15,"column":66}},"type":"binary-expr","locations":[{"start":{"line":15,"column":14},"end":{"line":15,"column":38}},{"start":{"line":15,"column":42},"end":{"line":15,"column":66}}],"line":15},"6":{"loc":{"start":{"line":18,"column":11},"end":{"line":26,"column":5}},"type":"if","locations":[{"start":{"line":18,"column":11},"end":{"line":26,"column":5}},{"start":{"line":18,"column":11},"end":{"line":26,"column":5}}],"line":18},"7":{"loc":{"start":{"line":18,"column":14},"end":{"line":18,"column":67}},"type":"binary-expr","locations":[{"start":{"line":18,"column":14},"end":{"line":18,"column":38}},{"start":{"line":18,"column":42},"end":{"line":18,"column":67}}],"line":18},"8":{"loc":{"start":{"line":21,"column":11},"end":{"line":26,"column":5}},"type":"if","locations":[{"start":{"line":21,"column":11},"end":{"line":26,"column":5}},{"start":{"line":21,"column":11},"end":{"line":26,"column":5}}],"line":21},"9":{"loc":{"start":{"line":21,"column":14},"end":{"line":21,"column":67}},"type":"binary-expr","locations":[{"start":{"line":21,"column":14},"end":{"line":21,"column":39}},{"start":{"line":21,"column":43},"end":{"line":21,"column":67}}],"line":21}},"s":{"0":1,"1":1,"2":1,"3":1,"4":5,"5":5,"6":5,"7":1,"8":4,"9":1,"10":3,"11":1,"12":2,"13":1,"14":1,"15":1,"16":0,"17":1},"f":{"0":5,"1":5},"b":{"0":[1,4],"1":[5,4],"2":[1,3],"3":[4,3],"4":[1,2],"5":[3,2],"6":[1,1],"7":[2,1],"8":[1,0],"9":[1,1]},"_coverageSchema":"43e27e138ebf9cfc5966b082cf9a028302ed4184","hash":"347980d719e1010fa74ccec69ad20c01cc241322"}
,"/Users/josephtatum/alchemy/career-track/labs/lab-06/lib/utils/createResponse.js": {"path":"/Users/josephtatum/alchemy/career-track/labs/lab-06/lib/utils/createResponse.js","statementMap":{"0":{"start":{"line":1,"column":23},"end":{"line":3,"column":1}},"1":{"start":{"line":2,"column":2},"end":{"line":2,"column":150}},"2":{"start":{"line":5,"column":0},"end":{"line":5,"column":32}}},"fnMap":{"0":{"name":"(anonymous_0)","decl":{"start":{"line":1,"column":23},"end":{"line":1,"column":24}},"loc":{"start":{"line":1,"column":32},"end":{"line":3,"column":1}},"line":1}},"branchMap":{},"s":{"0":2,"1":6,"2":2},"f":{"0":6},"b":{},"_coverageSchema":"43e27e138ebf9cfc5966b082cf9a028302ed4184","hash":"440c353d8c1a0f1f2f028bcaba650f5e7f72f9aa"}
,"/Users/josephtatum/alchemy/career-track/labs/lab-06/lib/utils/parseRequest.js": {"path":"/Users/josephtatum/alchemy/career-track/labs/lab-06/lib/utils/parseRequest.js","statementMap":{"0":{"start":{"line":1,"column":21},"end":{"line":17,"column":1}},"1":{"start":{"line":2,"column":23},"end":{"line":2,"column":32}},"2":{"start":{"line":3,"column":23},"end":{"line":3,"column":44}},"3":{"start":{"line":5,"column":2},"end":{"line":16,"column":3}},"4":{"start":{"line":6,"column":4},"end":{"line":10,"column":6}},"5":{"start":{"line":12,"column":4},"end":{"line":15,"column":6}},"6":{"start":{"line":19,"column":0},"end":{"line":19,"column":30}}},"fnMap":{"0":{"name":"(anonymous_0)","decl":{"start":{"line":1,"column":21},"end":{"line":1,"column":22}},"loc":{"start":{"line":1,"column":37},"end":{"line":17,"column":1}},"line":1}},"branchMap":{"0":{"loc":{"start":{"line":5,"column":2},"end":{"line":16,"column":3}},"type":"if","locations":[{"start":{"line":5,"column":2},"end":{"line":16,"column":3}},{"start":{"line":5,"column":2},"end":{"line":16,"column":3}}],"line":5}},"s":{"0":2,"1":7,"2":7,"3":7,"4":2,"5":5,"6":2},"f":{"0":7},"b":{"0":[2,5]},"_coverageSchema":"43e27e138ebf9cfc5966b082cf9a028302ed4184","hash":"8bb06a7055321002016573ded7f35310580f8f42"}
}
