{"/Users/josephtatum/alchemy/career-track/labs/lab-06/lib/utils/createResponse.js": {"path":"/Users/josephtatum/alchemy/career-track/labs/lab-06/lib/utils/createResponse.js","statementMap":{"0":{"start":{"line":1,"column":21},"end":{"line":1,"column":49}},"1":{"start":{"line":3,"column":0},"end":{"line":5,"column":2}}},"fnMap":{"0":{"name":"(anonymous_0)","decl":{"start":{"line":3,"column":17},"end":{"line":3,"column":18}},"loc":{"start":{"line":3,"column":82},"end":{"line":5,"column":1}},"line":3}},"branchMap":{"0":{"loc":{"start":{"line":3,"column":20},"end":{"line":3,"column":29}},"type":"default-arg","locations":[{"start":{"line":3,"column":27},"end":{"line":3,"column":29}}],"line":3},"1":{"loc":{"start":{"line":3,"column":31},"end":{"line":3,"column":56}},"type":"default-arg","locations":[{"start":{"line":3,"column":45},"end":{"line":3,"column":56}}],"line":3},"2":{"loc":{"start":{"line":3,"column":58},"end":{"line":3,"column":75}},"type":"default-arg","locations":[{"start":{"line":3,"column":67},"end":{"line":3,"column":75}}],"line":3}},"s":{"0":1,"1":1},"f":{"0":1},"b":{"0":[0],"1":[0],"2":[0]},"_coverageSchema":"43e27e138ebf9cfc5966b082cf9a028302ed4184","hash":"dc53daa0fe096afd57734bf668e3c83953a727a8"}
,"/Users/josephtatum/alchemy/career-track/labs/lab-06/lib/utils/parseRequest.js": {"path":"/Users/josephtatum/alchemy/career-track/labs/lab-06/lib/utils/parseRequest.js","statementMap":{"0":{"start":{"line":1,"column":0},"end":{"line":9,"column":2}},"1":{"start":{"line":2,"column":23},"end":{"line":2,"column":44}},"2":{"start":{"line":4,"column":2},"end":{"line":7,"column":4}}},"fnMap":{"0":{"name":"(anonymous_0)","decl":{"start":{"line":1,"column":32},"end":{"line":1,"column":33}},"loc":{"start":{"line":1,"column":48},"end":{"line":9,"column":1}},"line":1}},"branchMap":{},"s":{"0":2,"1":2,"2":2},"f":{"0":2},"b":{},"_coverageSchema":"43e27e138ebf9cfc5966b082cf9a028302ed4184","hash":"918378d78e8a5ade82b4b60a38cbe08469098e63"}
}
