TN:
SF:/Users/josephtatum/alchemy/career-track/labs/lab-06/lib/app.js
FN:5,(anonymous_0)
FN:6,(anonymous_1)
FNF:2
FNH:2
FNDA:4,(anonymous_0)
FNDA:4,(anonymous_1)
DA:1,1
DA:2,1
DA:3,1
DA:5,1
DA:6,4
DA:7,4
DA:9,4
DA:10,1
DA:12,3
DA:13,1
DA:15,2
DA:16,1
DA:18,1
DA:19,1
DA:21,0
DA:22,0
DA:25,0
DA:30,1
LF:18
LH:15
BRDA:9,0,0,1
BRDA:9,0,1,3
BRDA:9,1,0,4
BRDA:9,1,1,4
BRDA:12,2,0,1
BRDA:12,2,1,2
BRDA:12,3,0,3
BRDA:12,3,1,3
BRDA:15,4,0,1
BRDA:15,4,1,1
BRDA:15,5,0,2
BRDA:15,5,1,2
BRDA:18,6,0,1
BRDA:18,6,1,0
BRDA:18,7,0,1
BRDA:18,7,1,1
BRDA:21,8,0,0
BRDA:21,8,1,0
BRDA:21,9,0,0
BRDA:21,9,1,0
BRF:20
BRH:15
end_of_record
TN:
SF:/Users/josephtatum/alchemy/career-track/labs/lab-06/lib/utils/createResponse.js
FN:1,(anonymous_0)
FNF:1
FNH:1
FNDA:5,(anonymous_0)
DA:1,2
DA:2,5
DA:5,2
LF:3
LH:3
BRF:0
BRH:0
end_of_record
TN:
SF:/Users/josephtatum/alchemy/career-track/labs/lab-06/lib/utils/parseRequest.js
FN:1,(anonymous_0)
FNF:1
FNH:1
FNDA:6,(anonymous_0)
DA:1,2
DA:2,6
DA:3,6
DA:5,6
DA:6,1
DA:12,5
DA:19,2
LF:7
LH:7
BRDA:5,0,0,1
BRDA:5,0,1,5
BRF:2
BRH:2
end_of_record
